# JRE version: Java(TM) SE Runtime Environment (8.0_151-b12) (build 1.8.0_151-b12)
# Java VM: Java HotSpot(TM) 64-Bit Server VM (25.151-b12 mixed mode linux-amd64 compressed oops)
Heap:
 PSYoungGen      total 263168K, used 7264K [0x0000000715580000, 0x0000000726400000, 0x00000007c0000000)
  eden space 253440K, 0% used [0x0000000715580000,0x0000000715580000,0x0000000724d00000)
  from space 9728K, 74% used [0x0000000725a80000,0x0000000726198000,0x0000000726400000)
  to   space 7168K, 0% used [0x0000000725300000,0x0000000725300000,0x0000000725a00000)
 ParOldGen       total 81920K, used 45604K [0x00000005c0000000, 0x00000005c5000000, 0x0000000715580000)
  object space 81920K, 55% used [0x00000005c0000000,0x00000005c2c89208,0x00000005c5000000)
 Metaspace       used 14421K, capacity 14538K, committed 14720K, reserved 1062912K
  class space    used 1350K, capacity 1395K, committed 1408K, reserved 1048576K
GC Heap History (10 events):
Event: 11575.272 GC heap after
Heap after GC invocations=5674 (full 81):
 PSYoungGen      total 239104K, used 1568K [0x0000000715580000, 0x0000000727480000, 0x00000007c0000000)
  eden space 237056K, 0% used [0x0000000715580000,0x0000000715580000,0x0000000723d00000)
  from space 2048K, 76% used [0x0000000726280000,0x0000000726408000,0x0000000726480000)
  to   space 9216K, 0% used [0x0000000726b80000,0x0000000726b80000,0x0000000727480000)
 ParOldGen       total 81920K, used 45516K [0x00000005c0000000, 0x00000005c5000000, 0x0000000715580000)
  object space 81920K, 55% used [0x00000005c0000000,0x00000005c2c73208,0x00000005c5000000)
 Metaspace       used 14421K, capacity 14538K, committed 14720K, reserved 1062912K
  class space    used 1350K, capacity 1395K, committed 1408K, reserved 1048576K
}
Event: 11576.934 GC heap before
{Heap before GC invocations=5675 (full 81):
 PSYoungGen      total 239104K, used 238624K [0x0000000715580000, 0x0000000727480000, 0x00000007c0000000)
  eden space 237056K, 100% used [0x0000000715580000,0x0000000723d00000,0x0000000723d00000)
  from space 2048K, 76% used [0x0000000726280000,0x0000000726408000,0x0000000726480000)
  to   space 9216K, 0% used [0x0000000726b80000,0x0000000726b80000,0x0000000727480000)
 ParOldGen       total 81920K, used 45516K [0x00000005c0000000, 0x00000005c5000000, 0x0000000715580000)
  object space 81920K, 55% used [0x00000005c0000000,0x00000005c2c73208,0x00000005c5000000)
 Metaspace       used 14421K, capacity 14538K, committed 14720K, reserved 1062912K
  class space    used 1350K, capacity 1395K, committed 1408K, reserved 1048576K
Event: 11576.937 GC heap after
Heap after GC invocations=5675 (full 81):
 PSYoungGen      total 229376K, used 1408K [0x0000000715580000, 0x0000000726d00000, 0x00000007c0000000)
  eden space 227840K, 0% used [0x0000000715580000,0x0000000715580000,0x0000000723400000)
  from space 1536K, 91% used [0x0000000726b80000,0x0000000726ce0000,0x0000000726d00000)
  to   space 9216K, 0% used [0x0000000725b00000,0x0000000725b00000,0x0000000726400000)
 ParOldGen       total 81920K, used 45516K [0x00000005c0000000, 0x00000005c5000000, 0x0000000715580000)
  object space 81920K, 55% used [0x00000005c0000000,0x00000005c2c73208,0x00000005c5000000)
 Metaspace       used 14421K, capacity 14538K, committed 14720K, reserved 1062912K
  class space    used 1350K, capacity 1395K, committed 1408K, reserved 1048576K
}
Event: 11578.575 GC heap before
{Heap before GC invocations=5676 (full 81):
 PSYoungGen      total 229376K, used 229248K [0x0000000715580000, 0x0000000726d00000, 0x00000007c0000000)
  eden space 227840K, 100% used [0x0000000715580000,0x0000000723400000,0x0000000723400000)
  from space 1536K, 91% used [0x0000000726b80000,0x0000000726ce0000,0x0000000726d00000)
  to   space 9216K, 0% used [0x0000000725b00000,0x0000000725b00000,0x0000000726400000)
 ParOldGen       total 81920K, used 45516K [0x00000005c0000000, 0x00000005c5000000, 0x0000000715580000)
  object space 81920K, 55% used [0x00000005c0000000,0x00000005c2c73208,0x00000005c5000000)
 Metaspace       used 14421K, capacity 14538K, committed 14720K, reserved 1062912K
  class space    used 1350K, capacity 1395K, committed 1408K, reserved 1048576K
Event: 11578.577 GC heap after
Heap after GC invocations=5676 (full 81):
 PSYoungGen      total 220160K, used 896K [0x0000000715580000, 0x0000000726c00000, 0x00000007c0000000)
  eden space 219136K, 0% used [0x0000000715580000,0x0000000715580000,0x0000000722b80000)
  from space 1024K, 87% used [0x0000000725b00000,0x0000000725be0000,0x0000000725c00000)
  to   space 8704K, 0% used [0x0000000726380000,0x0000000726380000,0x0000000726c00000)
 ParOldGen       total 81920K, used 45516K [0x00000005c0000000, 0x00000005c5000000, 0x0000000715580000)
  object space 81920K, 55% used [0x00000005c0000000,0x00000005c2c73208,0x00000005c5000000)
 Metaspace       used 14421K, capacity 14538K, committed 14720K, reserved 1062912K
  class space    used 1350K, capacity 1395K, committed 1408K, reserved 1048576K
}
Event: 11580.192 GC heap before
{Heap before GC invocations=5677 (full 81):
 PSYoungGen      total 220160K, used 220032K [0x0000000715580000, 0x0000000726c00000, 0x00000007c0000000)
  eden space 219136K, 100% used [0x0000000715580000,0x0000000722b80000,0x0000000722b80000)
  from space 1024K, 87% used [0x0000000725b00000,0x0000000725be0000,0x0000000725c00000)
  to   space 8704K, 0% used [0x0000000726380000,0x0000000726380000,0x0000000726c00000)
 ParOldGen       total 81920K, used 45516K [0x00000005c0000000, 0x00000005c5000000, 0x0000000715580000)
  object space 81920K, 55% used [0x00000005c0000000,0x00000005c2c73208,0x00000005c5000000)
 Metaspace       used 14421K, capacity 14538K, committed 14720K, reserved 1062912K
  class space    used 1350K, capacity 1395K, committed 1408K, reserved 1048576K
Event: 11580.193 GC heap after
Heap after GC invocations=5677 (full 81):
 PSYoungGen      total 211456K, used 128K [0x0000000715580000, 0x0000000726400000, 0x00000007c0000000)
  eden space 210944K, 0% used [0x0000000715580000,0x0000000715580000,0x0000000722380000)
  from space 512K, 25% used [0x0000000726380000,0x00000007263a0000,0x0000000726400000)
  to   space 8704K, 0% used [0x0000000725300000,0x0000000725300000,0x0000000725b80000)
 ParOldGen       total 81920K, used 45516K [0x00000005c0000000, 0x00000005c5000000, 0x0000000715580000)
  object space 81920K, 55% used [0x00000005c0000000,0x00000005c2c73208,0x00000005c5000000)
 Metaspace       used 14421K, capacity 14538K, committed 14720K, reserved 1062912K
  class space    used 1350K, capacity 1395K, committed 1408K, reserved 1048576K
}
Event: 11580.352 GC heap before
{Heap before GC invocations=5678 (full 81):
 PSYoungGen      total 211456K, used 211072K [0x0000000715580000, 0x0000000726400000, 0x00000007c0000000)
  eden space 210944K, 100% used [0x0000000715580000,0x0000000722380000,0x0000000722380000)
  from space 512K, 25% used [0x0000000726380000,0x00000007263a0000,0x0000000726400000)
  to   space 8704K, 0% used [0x0000000725300000,0x0000000725300000,0x0000000725b80000)
 ParOldGen       total 81920K, used 45516K [0x00000005c0000000, 0x00000005c5000000, 0x0000000715580000)
  object space 81920K, 55% used [0x00000005c0000000,0x00000005c2c73208,0x00000005c5000000)
 Metaspace       used 14421K, capacity 14538K, committed 14720K, reserved 1062912K
  class space    used 1350K, capacity 1395K, committed 1408K, reserved 1048576K
Event: 11580.367 GC heap after
Heap after GC invocations=5678 (full 81):
 PSYoungGen      total 260608K, used 6848K [0x0000000715580000, 0x0000000726400000, 0x00000007c0000000)
  eden space 253440K, 0% used [0x0000000715580000,0x0000000715580000,0x0000000724d00000)
  from space 7168K, 95% used [0x0000000725300000,0x00000007259b0000,0x0000000725a00000)
  to   space 9728K, 0% used [0x0000000725a80000,0x0000000725a80000,0x0000000726400000)
 ParOldGen       total 81920K, used 45604K [0x00000005c0000000, 0x00000005c5000000, 0x0000000715580000)
  object space 81920K, 55% used [0x00000005c0000000,0x00000005c2c89208,0x00000005c5000000)
 Metaspace       used 14421K, capacity 14538K, committed 14720K, reserved 1062912K
  class space    used 1350K, capacity 1395K, committed 1408K, reserved 1048576K
}
Event: 11581.970 GC heap before
{Heap before GC invocations=5679 (full 81):
 PSYoungGen      total 260608K, used 260288K [0x0000000715580000, 0x0000000726400000, 0x00000007c0000000)
  eden space 253440K, 100% used [0x0000000715580000,0x0000000724d00000,0x0000000724d00000)
  from space 7168K, 95% used [0x0000000725300000,0x00000007259b0000,0x0000000725a00000)
  to   space 9728K, 0% used [0x0000000725a80000,0x0000000725a80000,0x0000000726400000)
 ParOldGen       total 81920K, used 45604K [0x00000005c0000000, 0x00000005c5000000, 0x0000000715580000)
  object space 81920K, 55% used [0x00000005c0000000,0x00000005c2c89208,0x00000005c5000000)
 Metaspace       used 14421K, capacity 14538K, committed 14720K, reserved 1062912K
  class space    used 1350K, capacity 1395K, committed 1408K, reserved 1048576K

