# JRE version: OpenJDK Runtime Environment (8.0_151-b12) (build 1.8.0_151-8u151-b12-0ubuntu0.16.04.2-b12)
# Java VM: OpenJDK 64-Bit Server VM (25.151-b12 mixed mode linux-amd64 compressed oops)
Heap:
 PSYoungGen      total 369664K, used 818K [0x00000000d5580000, 0x00000000ec180000, 0x0000000100000000)
  eden space 368640K, 0% used [0x00000000d5580000,0x00000000d5580000,0x00000000ebd80000)
  from space 1024K, 79% used [0x00000000ebf80000,0x00000000ec04c8b0,0x00000000ec080000)
  to   space 512K, 0% used [0x00000000ec100000,0x00000000ec100000,0x00000000ec180000)
 ParOldGen       total 322560K, used 100870K [0x0000000080000000, 0x0000000093b00000, 0x00000000d5580000)
  object space 322560K, 31% used [0x0000000080000000,0x0000000086281828,0x0000000093b00000)
 Metaspace       used 14763K, capacity 14842K, committed 14976K, reserved 1062912K
  class space    used 1346K, capacity 1393K, committed 1408K, reserved 1048576K
GC Heap History (10 events):
Event: 271.720 GC heap after
Heap after GC invocations=530 (full 0):
 PSYoungGen      total 177664K, used 224K [0x00000000d5580000, 0x00000000ec200000, 0x0000000100000000)
  eden space 177152K, 0% used [0x00000000d5580000,0x00000000d5580000,0x00000000e0280000)
  from space 512K, 43% used [0x00000000ec180000,0x00000000ec1b8000,0x00000000ec200000)
  to   space 512K, 0% used [0x00000000ec100000,0x00000000ec100000,0x00000000ec180000)
 ParOldGen       total 322560K, used 100166K [0x0000000080000000, 0x0000000093b00000, 0x00000000d5580000)
  object space 322560K, 31% used [0x0000000080000000,0x00000000861d1828,0x0000000093b00000)
 Metaspace       used 14763K, capacity 14842K, committed 14976K, reserved 1062912K
  class space    used 1346K, capacity 1393K, committed 1408K, reserved 1048576K
}
Event: 272.167 GC heap before
{Heap before GC invocations=531 (full 0):
 PSYoungGen      total 177664K, used 177353K [0x00000000d5580000, 0x00000000ec200000, 0x0000000100000000)
  eden space 177152K, 99% used [0x00000000d5580000,0x00000000e027a4e0,0x00000000e0280000)
  from space 512K, 43% used [0x00000000ec180000,0x00000000ec1b8000,0x00000000ec200000)
  to   space 512K, 0% used [0x00000000ec100000,0x00000000ec100000,0x00000000ec180000)
 ParOldGen       total 322560K, used 100166K [0x0000000080000000, 0x0000000093b00000, 0x00000000d5580000)
  object space 322560K, 31% used [0x0000000080000000,0x00000000861d1828,0x0000000093b00000)
 Metaspace       used 14763K, capacity 14842K, committed 14976K, reserved 1062912K
  class space    used 1346K, capacity 1393K, committed 1408K, reserved 1048576K
Event: 272.172 GC heap after
Heap after GC invocations=531 (full 0):
 PSYoungGen      total 213504K, used 463K [0x00000000d5580000, 0x00000000ec200000, 0x0000000100000000)
  eden space 212992K, 0% used [0x00000000d5580000,0x00000000d5580000,0x00000000e2580000)
  from space 512K, 90% used [0x00000000ec100000,0x00000000ec173d58,0x00000000ec180000)
  to   space 512K, 0% used [0x00000000ec180000,0x00000000ec180000,0x00000000ec200000)
 ParOldGen       total 322560K, used 100286K [0x0000000080000000, 0x0000000093b00000, 0x00000000d5580000)
  object space 322560K, 31% used [0x0000000080000000,0x00000000861ef828,0x0000000093b00000)
 Metaspace       used 14763K, capacity 14842K, committed 14976K, reserved 1062912K
  class space    used 1346K, capacity 1393K, committed 1408K, reserved 1048576K
}
Event: 272.695 GC heap before
{Heap before GC invocations=532 (full 0):
 PSYoungGen      total 213504K, used 213455K [0x00000000d5580000, 0x00000000ec200000, 0x0000000100000000)
  eden space 212992K, 100% used [0x00000000d5580000,0x00000000e2580000,0x00000000e2580000)
  from space 512K, 90% used [0x00000000ec100000,0x00000000ec173d58,0x00000000ec180000)
  to   space 512K, 0% used [0x00000000ec180000,0x00000000ec180000,0x00000000ec200000)
 ParOldGen       total 322560K, used 100286K [0x0000000080000000, 0x0000000093b00000, 0x00000000d5580000)
  object space 322560K, 31% used [0x0000000080000000,0x00000000861ef828,0x0000000093b00000)
 Metaspace       used 14763K, capacity 14842K, committed 14976K, reserved 1062912K
  class space    used 1346K, capacity 1393K, committed 1408K, reserved 1048576K
Event: 272.736 GC heap after
Heap after GC invocations=532 (full 0):
 PSYoungGen      total 256512K, used 501K [0x00000000d5580000, 0x00000000ec200000, 0x0000000100000000)
  eden space 256000K, 0% used [0x00000000d5580000,0x00000000d5580000,0x00000000e4f80000)
  from space 512K, 97% used [0x00000000ec180000,0x00000000ec1fd488,0x00000000ec200000)
  to   space 1024K, 0% used [0x00000000ec000000,0x00000000ec000000,0x00000000ec100000)
 ParOldGen       total 322560K, used 100422K [0x0000000080000000, 0x0000000093b00000, 0x00000000d5580000)
  object space 322560K, 31% used [0x0000000080000000,0x0000000086211828,0x0000000093b00000)
 Metaspace       used 14763K, capacity 14842K, committed 14976K, reserved 1062912K
  class space    used 1346K, capacity 1393K, committed 1408K, reserved 1048576K
}
Event: 273.575 GC heap before
{Heap before GC invocations=533 (full 0):
 PSYoungGen      total 256512K, used 256501K [0x00000000d5580000, 0x00000000ec200000, 0x0000000100000000)
  eden space 256000K, 100% used [0x00000000d5580000,0x00000000e4f80000,0x00000000e4f80000)
  from space 512K, 97% used [0x00000000ec180000,0x00000000ec1fd488,0x00000000ec200000)
  to   space 1024K, 0% used [0x00000000ec000000,0x00000000ec000000,0x00000000ec100000)
 ParOldGen       total 322560K, used 100422K [0x0000000080000000, 0x0000000093b00000, 0x00000000d5580000)
  object space 322560K, 31% used [0x0000000080000000,0x0000000086211828,0x0000000093b00000)
 Metaspace       used 14763K, capacity 14842K, committed 14976K, reserved 1062912K
  class space    used 1346K, capacity 1393K, committed 1408K, reserved 1048576K
Event: 273.585 GC heap after
Heap after GC invocations=533 (full 0):
 PSYoungGen      total 308224K, used 416K [0x00000000d5580000, 0x00000000ec200000, 0x0000000100000000)
  eden space 307200K, 0% used [0x00000000d5580000,0x00000000d5580000,0x00000000e8180000)
  from space 1024K, 40% used [0x00000000ec000000,0x00000000ec068000,0x00000000ec100000)
  to   space 1024K, 0% used [0x00000000ec100000,0x00000000ec100000,0x00000000ec200000)
 ParOldGen       total 322560K, used 100542K [0x0000000080000000, 0x0000000093b00000, 0x00000000d5580000)
  object space 322560K, 31% used [0x0000000080000000,0x000000008622f828,0x0000000093b00000)
 Metaspace       used 14763K, capacity 14842K, committed 14976K, reserved 1062912K
  class space    used 1346K, capacity 1393K, committed 1408K, reserved 1048576K
}
Event: 274.384 GC heap before
{Heap before GC invocations=534 (full 0):
 PSYoungGen      total 308224K, used 307616K [0x00000000d5580000, 0x00000000ec200000, 0x0000000100000000)
  eden space 307200K, 100% used [0x00000000d5580000,0x00000000e8180000,0x00000000e8180000)
  from space 1024K, 40% used [0x00000000ec000000,0x00000000ec068000,0x00000000ec100000)
  to   space 1024K, 0% used [0x00000000ec100000,0x00000000ec100000,0x00000000ec200000)
 ParOldGen       total 322560K, used 100542K [0x0000000080000000, 0x0000000093b00000, 0x00000000d5580000)
  object space 322560K, 31% used [0x0000000080000000,0x000000008622f828,0x0000000093b00000)
 Metaspace       used 14763K, capacity 14842K, committed 14976K, reserved 1062912K
  class space    used 1346K, capacity 1393K, committed 1408K, reserved 1048576K
Event: 274.387 GC heap after
Heap after GC invocations=534 (full 0):
 PSYoungGen      total 369152K, used 416K [0x00000000d5580000, 0x00000000ec180000, 0x0000000100000000)
  eden space 368640K, 0% used [0x00000000d5580000,0x00000000d5580000,0x00000000ebd80000)
  from space 512K, 81% used [0x00000000ec100000,0x00000000ec168000,0x00000000ec180000)
  to   space 1024K, 0% used [0x00000000ebf80000,0x00000000ebf80000,0x00000000ec080000)
 ParOldGen       total 322560K, used 100686K [0x0000000080000000, 0x0000000093b00000, 0x00000000d5580000)
  object space 322560K, 31% used [0x0000000080000000,0x0000000086253828,0x0000000093b00000)
 Metaspace       used 14763K, capacity 14842K, committed 14976K, reserved 1062912K
  class space    used 1346K, capacity 1393K, committed 1408K, reserved 1048576K
}
Event: 275.509 GC heap before
{Heap before GC invocations=535 (full 0):
 PSYoungGen      total 369152K, used 369056K [0x00000000d5580000, 0x00000000ec180000, 0x0000000100000000)
  eden space 368640K, 100% used [0x00000000d5580000,0x00000000ebd80000,0x00000000ebd80000)
  from space 512K, 81% used [0x00000000ec100000,0x00000000ec168000,0x00000000ec180000)
  to   space 1024K, 0% used [0x00000000ebf80000,0x00000000ebf80000,0x00000000ec080000)
 ParOldGen       total 322560K, used 100686K [0x0000000080000000, 0x0000000093b00000, 0x00000000d5580000)
  object space 322560K, 31% used [0x0000000080000000,0x0000000086253828,0x0000000093b00000)
 Metaspace       used 14763K, capacity 14842K, committed 14976K, reserved 1062912K
  class space    used 1346K, capacity 1393K, committed 1408K, reserved 1048576K

